<?xml version="1.0" encoding="UTF-8"?>
<!-- Generated by org.testng.reporters.JUnitXMLReporter -->
<testsuite ignored="1" hostname="DESKTOP-EQ1TCP1" failures="0" tests="1" name="Default test" time="40.061" errors="0" timestamp="2022-03-09T13:56:02 IST">
  <testcase classname="com.bridgelabz.CaptureScreenshot" name="screenShot" time="39.827"/>
  <testcase classname="com.bridgelabz.CaptureScreenshot" name="captureScreenshot" time="0.0">
    <ignored/>
  </testcase> <!-- captureScreenshot -->
</testsuite> <!-- Default test -->
