<?xml version="1.0" encoding="UTF-8"?>
<!-- Generated by org.testng.reporters.JUnitXMLReporter -->
<testsuite ignored="4" hostname="DESKTOP-EQ1TCP1" failures="0" tests="1" name="Default test" time="41.858" errors="0" timestamp="2022-03-11T23:48:19 IST">
  <testcase classname="com.bridgelabz.Locators" name="xPathTest" time="41.713"/>
  <testcase classname="com.bridgelabz.Locators" name="partialLinkTest" time="0.0">
    <ignored/>
  </testcase> <!-- partialLinkTest -->
  <testcase classname="com.bridgelabz.Locators" name="idTest" time="0.0">
    <ignored/>
  </testcase> <!-- idTest -->
  <testcase classname="com.bridgelabz.Locators" name="nameTest" time="0.0">
    <ignored/>
  </testcase> <!-- nameTest -->
  <testcase classname="com.bridgelabz.Locators" name="linkTest" time="0.0">
    <ignored/>
  </testcase> <!-- linkTest -->
</testsuite> <!-- Default test -->
