<?xml version="1.0" encoding="UTF-8"?>
<testng-results ignored="4" total="5" passed="1" failed="0" skipped="0">
  <reporter-output>
  </reporter-output>
  <suite started-at="2022-03-11T23:47:37 IST" name="Default suite" finished-at="2022-03-11T23:48:18 IST" duration-ms="41858">
    <groups>
    </groups>
    <test started-at="2022-03-11T23:47:37 IST" name="Default test" finished-at="2022-03-11T23:48:18 IST" duration-ms="41858">
      <class name="com.bridgelabz.Locators">
        <test-method signature="xPathTest()[pri:0, instance:com.bridgelabz.Locators@50b472aa]" started-at="2022-03-11T23:47:37 IST" name="xPathTest" finished-at="2022-03-11T23:48:18 IST" duration-ms="41713" status="PASS">
          <reporter-output>
          </reporter-output>
        </test-method> <!-- xPathTest -->
      </class> <!-- com.bridgelabz.Locators -->
    </test> <!-- Default test -->
  </suite> <!-- Default suite -->
</testng-results>
