<?xml version="1.0" encoding="UTF-8"?>
<testng-results ignored="1" total="2" passed="1" failed="0" skipped="0">
  <reporter-output>
  </reporter-output>
  <suite started-at="2022-03-09T13:55:22 IST" name="Default suite" finished-at="2022-03-09T13:56:02 IST" duration-ms="40061">
    <groups>
    </groups>
    <test started-at="2022-03-09T13:55:22 IST" name="Default test" finished-at="2022-03-09T13:56:02 IST" duration-ms="40061">
      <class name="com.bridgelabz.CaptureScreenshot">
        <test-method signature="screenShot()[pri:0, instance:com.bridgelabz.CaptureScreenshot@50a638b5]" started-at="2022-03-09T13:55:22 IST" name="screenShot" finished-at="2022-03-09T13:56:02 IST" duration-ms="39827" status="PASS">
          <reporter-output>
          </reporter-output>
        </test-method> <!-- screenShot -->
      </class> <!-- com.bridgelabz.CaptureScreenshot -->
    </test> <!-- Default test -->
  </suite> <!-- Default suite -->
</testng-results>
